
***** Gather external references for later resolution *****
***** Deleting existing packages from model *****
Importing Model from XMI
***** Root Package: Code-Base *****
Add Classifier Role: gov
***** Append Package: gov *****
Add Classifier Role: nih
***** Append Package: nih *****
Add Classifier Role: nci
***** Append Package: nci *****
Add Classifier Role: cabig
***** Append Package: cabig *****
Add Classifier Role: caaers
Add Classifier Role: ctms
***** Append Package: caaers *****
Add Classifier: CaaersError
Add Classifier: T1
Add Classifier: CaaersSystemException
Add Classifier: CaaersNoSuchUserException
Add Classifier Role: validation
Add Classifier Role: accesscontrol
Add Classifier Role: security
Add Classifier Role: domain
Add Classifier Role: dao
Add Classifier Role: service
Add Classifier Role: api
Add Classifier Role: tools
Add Classifier Role: esb
Add Classifier Role: workflow
Add Classifier Role: utils
Add Classifier Role: scheduler
***** Append Package: accesscontrol *****
Add Classifier: OrganizationSecurityFilterer
Add Classifier: SiteSecurityAfterInvocationCollectionFilteringProvider
Add Classifier: ParticipantSiteSecurityFilterer
Add Classifier: SiteSecurityAfterInvocationBasicAuthorizationCheckProvider
Add Classifier: BaseSecurityFilterer
Add Classifier: StudySiteSecurityFilterer
Add Classifier: DomainObjectSecurityFilterer
Add Classifier: ExpeditedAdverseEventReportSiteSecurityFilterer
Add Classifier: SecurityContextCredentialProvider
Add Classifier: DomainObjectSiteSecurityAuthorizationCheckProvider
Add Classifier: ResearchStaffSecurityFilterer
***** Append Package: api *****
Add Classifier: AdeersReportGenerator
Add Classifier: StudyService
Add Classifier: AdverseEventReportSerializer
Add Classifier: ResearchStaffMigratorService
Add Classifier: SearchOptions
Add Classifier: InvestigatorMigratorService
Add Classifier: ParticipantService
Add Classifier: StudyProcessor
Add Classifier: AdverseEventSerializer
Add Classifier: AdverseEventQueryService
Add Classifier: AdverseEventService
Add Classifier Role: impl
***** Append Package: impl *****
Add Classifier: ParameterLoader
Add Classifier: DefaultInvestigatorMigratorService
Add Classifier: DefaultMigratorService
Add Classifier: ParticipantServiceImpl
Add Classifier: DefaultStudyService
Add Classifier: StudyProcessorImpl
Add Classifier: DefaultResearchStaffMigratorService
Add Classifier: AdverseEventQueryServiceImpl
Add Classifier: DefaultAdverseEventService
Add Classifier: ParameterLoader
***** Append Package: dao *****
Add Classifier: TreatmentAssignmentDao
Add Classifier: EpochDao
Add Classifier: LabTermDao
Add Classifier: CtepStudyDiseaseDao
Add Classifier: StudyConditionDao
Add Classifier: DiseaseTermDao
Add Classifier: StudySiteDao
Add Classifier: OrganizationDao
Add Classifier: ResearchStaffDao
Add Classifier: InvestigatorDao
Add Classifier: ParticipantDao
Add Classifier: MeddraStudyDiseaseDao
Add Classifier: GridIdentifiableDao
Add Classifier: PriorTherapyDao
Add Classifier: CaaersDao
Add Classifier: AbstractStudyDiseaseDao
Add Classifier: AdverseEventReportingPeriodDao
Add Classifier: NotificationDao
Add Classifier: LabCategoryDao
Add Classifier: SiteInvestigatorDao
Add Classifier: InterventionSiteDao
Add Classifier: MeddraVersionDao
Add Classifier: CtcDao
Add Classifier: AgentDao
Add Classifier: AnatomicSiteDao
Add Classifier: AdverseEventDao
Add Classifier: StudyAgentDao
Add Classifier: StudyParticipantAssignmentDao
Add Classifier: CtcCategoryDao
Add Classifier: ReporterDao
Add Classifier: MedDRADao
Add Classifier: ConditionDao
Add Classifier: DiseaseCategoryDao
Add Classifier: ExpeditedAdverseEventReportDao
Add Classifier: InvestigationalNewDrugDao
Add Classifier: LabLoadDao
Add Classifier: StudyDao
Add Classifier: UserDao
Add Classifier: CtcTermDao
Add Classifier: PreExistingConditionDao
Add Classifier: ChemoAgentDao
Add Classifier Role: workflow
Add Classifier Role: report
Add Classifier Role: query
Add Classifier Role: meddra
Add Classifier Role: security
***** Append Package: meddra *****
Add Classifier: LowLevelTermDao
***** Append Package: query *****
Add Classifier: OrganizationQuery
Add Classifier: ReportDefinitionExistsQuery
Add Classifier: StudyQuery
Add Classifier: StudyHavingStudySiteQuery
Add Classifier: ParticipantQuery
Add Classifier: AdverseEventExistQuery
Add Classifier: ResearchStaffQuery
Add Classifier: InvestigatorQuery
Add Classifier: AbstractQuery
Add Classifier: AdverseEventReportingPeriodForReviewQuery
Add Classifier Role: ajax
***** Append Package: ajax *****
Add Classifier: StudySearchableAjaxableDomainObjectQuery
Add Classifier: AbstractAjaxableDomainObjectQuery
Add Classifier: StudySiteAjaxableDomainObjectQuery
Add Classifier: ParticipantAjaxableDomainObjectQuery
***** Append Package: report *****
Add Classifier: ScheduledNotificationDao
Add Classifier: ReportDeliveryDao
Add Classifier: ReportDao
Add Classifier: ReportDeliveryDefinitionDao
Add Classifier: ReportDefinitionDao
***** Append Package: security *****
Add Classifier Role: passwordpolicy
***** Append Package: passwordpolicy *****
Add Classifier: PasswordPolicyDao
***** Append Package: workflow *****
Add Classifier: WorkflowConfigDao
***** Append Package: domain *****
Add Classifier: RadiationIntervention
Add Classifier: Condition
Add Classifier: PriorTherapy
Add Classifier: UserGroupType
Add Classifier: PostAdverseEventStatus
Add Classifier: PersonRole
Add Classifier: PersonContact
Add Classifier: INDHolder
Add Classifier: Participation
Add Classifier: StudyParticipantDiseaseHistory
Add Classifier: Location
Add Classifier: Status
Add Classifier: StudyTherapyType
Add Classifier: RoutineAdverseEventReportChild
Add Classifier: DiseaseCategory
Add Classifier: LabLoad
Add Classifier: DiseaseHistory
Add Classifier: OtherCause
Add Classifier: Hospitalization
Add Classifier: IdentifiableByAssignedIdentifers
Add Classifier: PreExistingCondition
Add Classifier: AdverseEventMeddraLowLevelTerm
Add Classifier: LabTerm
Add Classifier: Outcome
Add Classifier: DiseaseCodeTerm
Add Classifier: OrganizationAssignedIdentifier
Add Classifier: MeddraStudyDisease
Add Classifier: AbstractExpectedAE
Add Classifier: CourseDate
Add Classifier: LoadStatus
Add Classifier: Submitter
Add Classifier: CodedGrade
Add Classifier: Notification
Add Classifier: ExpectedAEMeddraLowLevelTerm
Add Classifier: ReportPerson
Add Classifier: Availability
Add Classifier: ResearchStaff
Add Classifier: Arm
Add Classifier: AbstractExpeditedReportCollectionElementChild
Add Classifier: Investigator
Add Classifier: CtcTerm
Add Classifier: SolicitedAdverseEvent
Add Classifier: AdditionalInformation
Add Classifier: InterventionSite
Add Classifier: StudyFundingSponsor
Add Classifier: User
Add Classifier: MedicalDevice
Add Classifier: OutcomeType
Add Classifier: StudyAgentChild
Add Classifier: LabVersion
Add Classifier: ConcomitantMedication
Add Classifier: ChemoAgent
Add Classifier: ReviewStatus
Add Classifier: CtcGrade
Add Classifier: SiteInvestigator
Add Classifier: Physician
Add Classifier: Study
Add Classifier: Grade
Add Classifier: StudyParticipantConcomitantMedication
Add Classifier: StudyChildInstantiateFactory
Add Classifier: StudyParticipantPreExistingCondition
Add Classifier: StudyParticipantPriorTherapy
Add Classifier: ExpeditedAdverseEventReport
Add Classifier: MetastaticDiseaseSite
Add Classifier: RadiationAdministration
Add Classifier: ExpectedAECtcTerm
Add Classifier: FundingSponsor
Add Classifier: SystemAssignedIdentifier
Add Classifier: Reporter
Add Classifier: AbstractAdverseEventTerm
Add Classifier: Measure
Add Classifier: StudyChild
Add Classifier: StudyParticipantAssignment
Add Classifier: Lab
Add Classifier: MeddraVersion
Add Classifier: Epoch
Add Classifier: Attribution
Add Classifier: DeviceOperator
Add Classifier: StudyParticipantPriorTherapyAgent
Add Classifier: AbstractStudyDisease
Add Classifier: RoutineAdverseEventReportChildFactory
Add Classifier: StudyAgent
Add Classifier: Organization
Add Classifier: DiseaseTerm
Add Classifier: AdverseEventResponseDescription
Add Classifier: StudyOrganizationChildInstantiateFactory
Add Classifier: StudyCondition
Add Classifier: AbstractIdentifiableDomainObject
Add Classifier: DiseaseTerminology
Add Classifier: Dose
Add Classifier: AeTerminology
Add Classifier: ExpeditedAdverseEventReportChildFactory
Add Classifier: DateValue
Add Classifier: OrganizationHeldIND
Add Classifier: Participant
Add Classifier: AdverseEventCtcTerm
Add Classifier: StudyAgentChildInstantiateFactory
Add Classifier: AbstractMutableDeletableDomainObject
Add Classifier: StudyAgentINDAssociation
Add Classifier: InvestigatorHeldIND
Add Classifier: INDType
Add Classifier: ExpeditedAdverseEventReportChild
Add Classifier: CtcCategory
Add Classifier: DelayUnits
Add Classifier: StudyCoordinatingCenter
Add Classifier: StudyParticipantMetastaticDiseaseSite
Add Classifier: ReportFormatType
Add Classifier: Agent
Add Classifier: AdverseEventReportingPeriod
Add Classifier: Address
Add Classifier: AbstractSponsor
Add Classifier: ReportStatus
Add Classifier: AnatomicSite
Add Classifier: ReportFormat
Add Classifier: AbstractExpeditedReportSingleChild
Add Classifier: CtepStudyDisease
Add Classifier: CoordinatingCenter
Add Classifier: Design
Add Classifier: RoutineAdverseEventReport
Add Classifier: SAEReportPreExistingCondition
Add Classifier: Ctc
Add Classifier: StudyOrganizationChild
Add Classifier: Term
Add Classifier: StudySite
Add Classifier: TreatmentInformation
Add Classifier: TreatmentAssignment
Add Classifier: SurgeryIntervention
Add Classifier: Identifier
Add Classifier: TimeValue
Add Classifier: StudyOrganization
Add Classifier: InvestigationalNewDrug
Add Classifier: StudyPersonnel
Add Classifier: AgentAdjustment
Add Classifier: AdverseEvent
Add Classifier: ParticipantHistory
Add Classifier: LabCategory
Add Classifier: SAEReportPriorTherapy
Add Classifier: CourseAgent
Add Classifier: LabValue
Add Classifier: Person
Add Classifier: StudyInvestigator
Add Classifier: SAEReportPriorTherapyFactory
Add Classifier: PriorTherapyAgent
Add Classifier: StudyTherapy
Add Classifier Role: repository
Add Classifier Role: expeditedfields
Add Classifier Role: report
Add Classifier Role: workflow
Add Classifier Role: security
Add Classifier Role: dto
Add Classifier Role: attribution
Add Classifier Role: factory
Add Classifier Role: meddra
Add Classifier Role: ajax
Add Classifier Role: comparator
***** Append Package: ajax *****
Add Classifier: StudySearchableAjaxableDomainObject
Add Classifier: AdverseEventReportingPeriodAjaxableDomainObject
Add Classifier: AbstractAjaxableDomainObject
Add Classifier: StudySiteAjaxableDomainObject
Add Classifier: StudyAjaxableDomainObject
Add Classifier: AjaxableDomainObject
Add Classifier: ParticipantAjaxableDomainObject
***** Append Package: attribution *****
Add Classifier: SurgeryAttribution
Add Classifier: CourseAgentAttribution
Add Classifier: OtherCauseAttribution
Add Classifier: AdverseEventAttribution
Add Classifier: ConcomitantMedicationAttribution
Add Classifier: RadiationAttribution
Add Classifier: DeviceAttribution
Add Classifier: DiseaseAttribution
***** Append Package: comparator *****
Add Classifier: AdverseEventComprator
***** Append Package: dto *****
Add Classifier: ExpeditedAdverseEventReportDTO
Add Classifier: AdverseEventReportingPeriodDTO
Add Classifier: RoutingAndReviewSearchResultsDTO
Add Classifier: RoutingAndReviewSearchResultDTO
Add Classifier: ReportDTO
Add Classifier: ReviewCommentsDTO
***** Append Package: expeditedfields *****
Add Classifier: UnsatisfiedProperty
Add Classifier: SectionNode
Add Classifier: ListPropertyNode
Add Classifier: DisplayNameCreator
Add Classifier: AdverseEventsDisplayNameCreator
Add Classifier: CodedOrOtherPropertyNode
Add Classifier: PropertyNode
Add Classifier: ExpeditedReportSection
Add Classifier: ExpeditedReportTree
Add Classifier: DefaultListDisplayNameCreator
Add Classifier: PropertylessNode
Add Classifier: StaticDisplayNameCreator
Add Classifier: NullDisplayNameCreator
Add Classifier: TreeNode
Add Classifier: LabsDisplayNameCreator
***** Append Package: factory *****
Add Classifier: ReportFactory
Add Classifier: AERoutingAndReviewDTOFactory
Add Classifier: AENotificationFactory
***** Append Package: meddra *****
Add Classifier: AbstractMeddraDomainObject
Add Classifier: SystemOrganClass
Add Classifier: LowLevelTerm
Add Classifier: PreferredTerm
Add Classifier: HighLevelTerm
Add Classifier: HighLevelGroupTerm
***** Append Package: report *****
Add Classifier: NotificationBodyContent
Add Classifier: ScheduledNotification
Add Classifier: ReportMandatoryFieldDefinition
Add Classifier: RoleBasedRecipient
Add Classifier: Recipient
Add Classifier: Report
Add Classifier: ReportVersion
Add Classifier: NotificationAttachment
Add Classifier: ReportContent
Add Classifier: ScheduledEmailNotification
Add Classifier: PlannedNotification
Add Classifier: DeliveryStatus
Add Classifier: ReportDefinition
Add Classifier: Mandatory
Add Classifier: ReportFormat
Add Classifier: ContactMechanismBasedRecipient
Add Classifier: ReportDelivery
Add Classifier: TimeScaleUnit
Add Classifier: PlannedEmailNotification
Add Classifier: ReportDeliveryDefinition
***** Append Package: repository *****
Add Classifier: ParticipantRepository
Add Classifier: ReportRepositoryImpl
Add Classifier: ReportRepository
Add Classifier: OrganizationRepositoryImpl
Add Classifier: StudyRepository
Add Classifier: AdverseEventRoutingAndReviewRepositoryImpl
Add Classifier: AdverseEventReportingPeriodRepository
Add Classifier: ResearchStaffRepository
Add Classifier: CSMUserRepository
Add Classifier: AdverseEventRoutingAndReviewRepository
Add Classifier: InvestigatorRepository
Add Classifier: CSMUserRepositoryImpl
Add Classifier: InvestigatorRepositoryImpl
Add Classifier: OrganizationRepository
Add Classifier: LabLoadRepository
Add Classifier Role: ajax
***** Append Package: ajax *****
Add Classifier: StudySiteAjaxableDomainObjectRepository
Add Classifier: AbstractAjaxableDomainObjectRepository
Add Classifier: ParticipantAjaxableDomainObjectRepository
Add Classifier: StudySearchableAjaxableDomainObjectRepository
***** Append Package: security *****
Add Classifier Role: user
Add Classifier Role: passwordpolicy
***** Append Package: passwordpolicy *****
Add Classifier: PasswordPolicy
Add Classifier: LoginPolicy
Add Classifier: CombinationPolicy
Add Classifier: PasswordCreationPolicy
***** Append Package: user *****
Add Classifier: CaaersUser
***** Append Package: workflow *****
Add Classifier: ReportReviewComment
Add Classifier: RoleTransitionOwner
Add Classifier: ReviewComment
Add Classifier: Assignee
Add Classifier: PersonAssignee
Add Classifier: RoleAssignee
Add Classifier: WorkflowConfig
Add Classifier: ReportingPeriodReviewComment
Add Classifier: WorkflowAware
Add Classifier: TransitionOwner
Add Classifier: PersonTransitionOwner
Add Classifier: TaskConfig
Add Classifier: TransitionConfig
***** Append Package: esb *****
Add Classifier Role: client
***** Append Package: client *****
Add Classifier: Validator
Add Classifier: MessageNotificationService
Add Classifier: MessageBroadcastService
Add Classifier: ESBMessageConsumer
Add Classifier: StubWebRequest
Add Classifier: BroadcastException
Add Classifier: ESBMessageConsumerImpl
Add Classifier Role: impl
***** Append Package: impl *****
Add Classifier: CtmsCaaersMessageConsumer
Add Classifier: CaaersAdeersMessageBroadcastServiceImpl
Add Classifier: JmsServiceImpl
Add Classifier: CaaersCaXchangeMessageBroadcastServiceImpl
Add Classifier: CaaersConnectionFactory
***** Append Package: scheduler *****
Add Classifier Role: runtime
***** Append Package: runtime *****
Add Classifier Role: job
***** Append Package: job *****
Add Classifier: ReminderEmailJob
Add Classifier: ScheduledNotificationJobTemplate
***** Append Package: security *****
Add Classifier: SitePrivilegeAndObjectIdGenerator
Add Classifier: StudyParticipantAssignmentAspect
Add Classifier: WebSSOUser
Add Classifier: WebSSOAuthoritiesPopulator
***** Append Package: service *****
Add Classifier: AbstractImportServiceImpl
Add Classifier: ReportSubmissionService
Add Classifier: SchedulerServiceImpl
Add Classifier: SchedulerService
Add Classifier: ReportSubmittability
Add Classifier: StudyImportServiceImpl
Add Classifier: EvaluationService
Add Classifier: FreeMarkerService
Add Classifier: InteroperationServiceImpl
Add Classifier: Message
Add Classifier: InteroperationService
Add Classifier: RoutineAdverseEventReportServiceImpl
Add Classifier: ParticipantImportServiceImpl
Add Classifier: Severity
Add Classifier: MockInteroperationService
Add Classifier: Message
Add Classifier: MockEvaluationService
Add Classifier: DomainObjectImportOutcome
Add Classifier Role: migrator
Add Classifier Role: synchronizer
Add Classifier Role: workflow
Add Classifier Role: security
***** Append Package: migrator *****
Add Classifier: ReportDefinitionConverter
Add Classifier: StudyTherapyMigrator
Add Classifier: StudyParticipantAssignmentMigrator
Add Classifier: StudyTerminologyMigrator
Add Classifier: Migrator
Add Classifier: StudyMigrator
Add Classifier: CompositeMigrator
Add Classifier: IdentifierMigrator
Add Classifier: StudyAgentMigrator
Add Classifier: ParticipantMigrator
Add Classifier: StudyExpectedAEMigrator
Add Classifier: StudyDiseaseTerminologyMigrator
Add Classifier: StudyDiseaseMigrator
Add Classifier: ParticipantConverter
Add Classifier: TreatmentAssignmentMigrator
Add Classifier: StudyOrganizationMigrator
Add Classifier: StudyEvaluationPeriodsMigrator
Add Classifier: StudyConverter
***** Append Package: security *****
Add Classifier: PasswordManagerService
Add Classifier: PasswordManagerServiceImpl
Add Classifier Role: passwordpolicy
Add Classifier Role: user
***** Append Package: passwordpolicy *****
Add Classifier: PasswordPolicyService
Add Classifier: PasswordPolicyServiceImpl
Add Classifier Role: validators
***** Append Package: validators *****
Add Classifier: ValidationException
Add Classifier: PasswordCreationPolicyValidator
Add Classifier: CombinationValidator
Add Classifier: LoginPolicyValidator
Add Classifier: PasswordPolicyValidator
***** Append Package: user *****
Add Classifier: Credential
***** Append Package: synchronizer *****
Add Classifier: IdentifierSynchronizer
Add Classifier: StudyDiseasesSynchronizer
Add Classifier: StudyTherapySynchronizer
Add Classifier: ParticipantSynchronizer
Add Classifier: StudyOrganizationSynchronizer
Add Classifier: StudyParticipantAssignmentSynchronizer
Add Classifier: StudyAgentsSynchronizer
Add Classifier: TreatmentAssignmentSynchronizer
Add Classifier: StudyEvaluationPeriodsSynchronizer
Add Classifier: StudySynchronizer
***** Append Package: workflow *****
Add Classifier: WorkflowServiceImpl
Add Classifier: WorkflowService
***** Append Package: tools *****
Add Classifier: JndiDataSourceFactoryBean
Add Classifier: CodedEnumType
Add Classifier: CSMPolicyUpdater
Add Classifier Role: spring
Add Classifier Role: mail
Add Classifier Role: configuration
Add Classifier Role: hibernate
***** Append Package: configuration *****
Add Classifier: Configuration
***** Append Package: hibernate *****
Add Classifier: ImprovedPostgreSQLDialect
Add Classifier: WonderfulNamingStrategy
***** Append Package: mail *****
Add Classifier: CaaersJavaMailSender
***** Append Package: spring *****
Add Classifier: DeferredLoadingFactoryBean
***** Append Package: utils *****
Add Classifier: XmlValidator
Add Classifier: CollectionFilterer
Add Classifier: IndexFixedListHelper
Add Classifier: DateUtils
Add Classifier: ProjectedList
Add Classifier: GridIdentifierCreator
Add Classifier: CodedEnumUtils
Add Classifier: CustomLinkedSet
Add Classifier: SampleMessageProducer
Add Classifier: XmlMarshaller
Add Classifier: ConfigProperty
Add Classifier: XsltTransformer
Add Classifier: XMLUtil
Add Classifier: GridIdentifierInterceptor
Add Classifier: DecoratedList
Add Classifier: Filterer
Add Classifier: LocalGridIdentifierCreator
Add Classifier: XFireSchemaValidationHandler
Add Classifier: ArrayFilterer
Add Classifier: CaBigGridIdentifierCreator
Add Classifier: SampleMessageConsumer
Add Classifier: IndexFixedList
Add Classifier: Lov
***** Append Package: validation *****
Add Classifier: CaaersValidationException
Add Classifier: ValidationError
Add Classifier: PropertyUtil
Add Classifier: ValidationErrors
Add Classifier Role: validator
Add Classifier Role: annotation
***** Append Package: annotation *****
Add Classifier: UniqueObjectInCollection
Add Classifier: Validatable
Add Classifier: UniqueNciIdentifierForOrganizationValidator
Add Classifier: UniqueResearchStaffEmailAddressValidator
Add Classifier: UniqueIdentifierForStudy
Add Classifier: UniqueIdentifierForParticipantValidator
Add Classifier: NumInRange
Add Classifier: UniqueResearchStaffEmailAddress
Add Classifier: ValidatorClass
Add Classifier: Validator
Add Classifier: UniqueIdentifierForStudyValidator
Add Classifier: UniqueIdentifierForParticipant
Add Classifier: UniqueNciIdentifierForOrganization
Add Classifier: UniqueObjectInCollectionValidator
***** Append Package: validator *****
Add Classifier: NumInRangeValidator
Add Classifier: AbstractAnnotationValidator
Add Classifier: WebControllerValidatorImpl
Add Classifier: WebControllerValidator
Add Classifier: DomainObjectValidator
***** Append Package: workflow *****
Add Classifier: PossibleTransitionsResolver
Add Classifier Role: callback
Add Classifier Role: handler
***** Append Package: callback *****
Add Classifier: CreateTaskJbpmCallback
***** Append Package: handler *****
Add Classifier: TaskCloseActionHandler
Add Classifier: NodeSkipActionHandler
***** Append Package: ctms *****
Add Classifier Role: tools
***** Append Package: tools *****
Add Classifier: XLstudyImporter
***** Resolving Classifiers *****
***** Resolving Ownerss *****
***** Resolve Package Links *****
***** Add Extensions ******
***** Add Diagrams *****
***** Resolving DiagramIDs *****
***** Resolving Association Classes *****
***** Resolving Parameter Types *****
***** Resolving Attribute Types *****
***** Resolving Note links *****
***** Fixup external references *****
Import Complete!
