
Importing Model from XMI
***** Root Package: Model *****
Add Classifier Role: gov
***** Append Package: gov *****
Add Classifier Role: nih
***** Append Package: nih *****
Add Classifier Role: nci
***** Append Package: nci *****
Add Classifier Role: cabig
***** Append Package: cabig *****
Add Classifier Role: caaers
***** Append Package: caaers *****
Add Classifier Role: domain
***** Append Package: domain *****
Add Classifier: AbstractExpectedAE
Add Classifier: RoutineAdverseEventReport
Add Classifier: Outcome
Add Classifier: RadiationAttribution
Add Classifier: RemoteResearchStaff
Add Classifier: Participant
Add Classifier: SiteResearchStaffRole
Add Classifier: AbstractAdverseEventTerm
Add Classifier: ChemoAgent
Add Classifier: CtcGrade
Add Classifier: 
Add Classifier: MeddraStudyDisease
Add Classifier: TreatmentInformation
Add Classifier: DiseaseTerminology
Add Classifier: Submitter
Add Classifier: DeviceAttribution
Add Classifier: CtcTerm
Add Classifier: StudyAgent
Add Classifier: Amendment
Add Classifier: StudyInvestigator
Add Classifier: StudyPersonnel
Add Classifier: DiseaseTerm
Add Classifier: Physician
Add Classifier: Study
Add Classifier: ReportPerson
Add Classifier: Arm
Add Classifier: StudyCoordinatingCenter
Add Classifier: Condition
Add Classifier: Reporter
Add Classifier: InvestigationalNewDrug
Add Classifier: AdverseEventMeddraLowLevelTerm
Add Classifier: RemoteInvestigator
Add Classifier: ParticipantHistory
Add Classifier: OtherCause
Add Classifier: Investigator
Add Classifier: CtepStudyDisease
Add Classifier: PreExistingCondition
Add Classifier: ResearchStaff
Add Classifier: Identifier
Add Classifier: LocalInvestigator
Add Classifier: Ctc
Add Classifier: DiseaseAttribution
Add Classifier: StudyParticipantPriorTherapy
Add Classifier: LocalOrganization
Add Classifier: RemoteOrganization
Add Classifier: StudyOrganization
Add Classifier: AdverseEventResponseDescription
Add Classifier: INDHolder
Add Classifier: StudySite
Add Classifier: DiseaseHistory
Add Classifier: CourseAgent
Add Classifier: OrganizationHeldIND
Add Classifier: MeddraVersion
Add Classifier: StudyCondition
Add Classifier: PriorTherapy
Add Classifier: AdverseEventAttribution
Add Classifier: Person
Add Classifier: StudyParticipantPreExistingCondition
Add Classifier: TreatmentAssignment
Add Classifier: AnatomicSite
Add Classifier: DiseaseCategory
Add Classifier: StudyParticipantDiseaseHistory
Add Classifier: AdverseEvent
Add Classifier: SolicitedAdverseEvent
Add Classifier: AETerminology
Add Classifier: ParticipantIdentifier
Add Classifier: SiteInvestigator
Add Classifier: Lab
Add Classifier: StudyFundingSponsor
Add Classifier: ExpectedAECtcTerm
Add Classifier: ExpeditedAdverseEventReport
Add Classifier: RemoteStudy
Add Classifier: SAEReportPreExistingCondition
Add Classifier: SAEReportPriorTherapy
Add Classifier: CourseDate
Add Classifier: AdverseEventCtcTerm
Add Classifier: MetastaticDiseaseSite
Add Classifier: LabValue
Add Classifier: SurgeryAttribution
Add Classifier: DiseaseSite
Add Classifier: ExpectedAEMeddraLowLevelTerm
Add Classifier: AbstractStudyDisease
Add Classifier: PersonContact
Add Classifier: SurgeryIntervention
Add Classifier: ConcomitantMedicationAttribution
Add Classifier: SiteResearchStaff
Add Classifier: OtherCauseAttribution
Add Classifier: FundingSponsor
Add Classifier: TimeValue
Add Classifier: StudyParticipantAssignment
Add Classifier: InvestigatorHeldIND
Add Classifier: ConcomitantMedication
Add Classifier: CtcCategory
Add Classifier: PriorTherapyAgent
Add Classifier: StudyParticipantConcomitantMedication
Add Classifier: RadiationIntervention
Add Classifier: User
Add Classifier: Epoch
Add Classifier: OrganizationAssignedIdentifier
Add Classifier: StudyTherapy
Add Classifier: SystemAssignedIdentifier
Add Classifier: LocalResearchStaff
Add Classifier: Agent
Add Classifier: AdditionalInformation
Add Classifier: LocalStudy
Add Classifier: CourseAgentAttribution
Add Classifier: Address
Add Classifier: Therapy
Add Classifier: AdverseEventReportingPeriod
Add Classifier: Organization
Add Classifier: MedicalDevice
Add Classifier: StudyParticipantPriorTherapyAgent
Add Classifier Role: report
Add Classifier Role: workflow
Add Classifier Role: Value Domains
Add Classifier Role: meddra
Add Classifier Role: security
***** Append Package: meddra *****
Add Classifier: HighLevelTerm
Add Classifier: AbstractMeddraDomain
Add Classifier: LowLevelTerm
Add Classifier: SystemOrganClass
Add Classifier: HighLevelGroupTerm
Add Classifier: MeddraVersion
Add Classifier: PreferredTerm
***** Append Package: report *****
Add Classifier: 
Add Classifier: ConfigProperty
Add Classifier: Recipient
Add Classifier: NotificationAttachment
Add Classifier: ReportDeliveryDefinition
Add Classifier: ReportTracking
Add Classifier: ReportDefinition
Add Classifier: NotificationBodyContent
Add Classifier: ContactMechanismBasedRecipient
Add Classifier: ReportedAdverseEvent
Add Classifier: PlannedNotification
Add Classifier: Report
Add Classifier: RoleBasedRecipient
Add Classifier: ReportDelivery
Add Classifier: ScheduledNotification
Add Classifier: ReportVersion
Add Classifier: PlannedEmailNotification
Add Classifier: ReportMandatoryFieldDefinition
Add Classifier: ScheduledEmailNotification
***** Append Package: security *****
Add Classifier Role: passwordpolicy
***** Append Package: passwordpolicy *****
Add Classifier: CombinationPolicy
Add Classifier: PasswordPolicy
Add Classifier: LoginPolicy
Add Classifier: PasswordCreationPolicy
***** Append Package: Value Domains *****
Add Classifier: DeliveryStatus
Add Classifier: RadiationAdministration
Add Classifier: StatusCode
Add Classifier: StudyStatus
Add Classifier: PersonRole
Add Classifier: Location
Add Classifier: Attribution
Add Classifier: ReviewStatus
Add Classifier: Dose
Add Classifier: OutcomeType
Add Classifier: Hospitalization
Add Classifier: DiseaseCodeTerm
Add Classifier: ReportFormatType
Add Classifier: LowLevelTerm
Add Classifier: Grade
Add Classifier: RadiationDosageUnit
Add Classifier: LoadStatus
Add Classifier: RadiationInterventionAdjustment
Add Classifier: LabName
Add Classifier: DeviceOperator
Add Classifier: ReportStatus
Add Classifier: Measure
Add Classifier: TimeScaleUnit
Add Classifier: ReportFormat
Add Classifier: Term
Add Classifier: StudyTherapyType
Add Classifier: ExpeditedReportSection
Add Classifier: ConfigType
Add Classifier: DateValue
Add Classifier: DelayUnits
Add Classifier: PersonRoleType
Add Classifier: LabUnits
Add Classifier: PostAdverseEventStatus
Add Classifier: StudyInvestigatorRoleCode
Add Classifier: EmailDeliveryStatus
Add Classifier: INDType
Add Classifier: Availability
Add Classifier: Mandatory
Add Classifier: ResearchStaffRoleCode
Add Classifier: Design
Add Classifier: ReportTrackingStatus
Add Classifier: ReportType
Add Classifier: AgentAdjustment
Add Classifier: StudyPhaseCode
***** Append Package: workflow *****
Add Classifier: TransitionOwner
Add Classifier: TaskConfig
Add Classifier: Assignee
Add Classifier: PersonAssignee
Add Classifier: ReportingPeriodReviewComment
Add Classifier: ReportReviewComment
Add Classifier: RoleAssignee
Add Classifier: RoleTransitionOwner
Add Classifier: TransitionConfig
Add Classifier: PersonTransitionOwner
Add Classifier: WorkflowConfig
Add Classifier: WorkflowAware
Add Classifier: ReviewComment
***** Resolving Classifiers *****
***** Resolving Ownerss *****
***** Resolve Package Links *****
***** Add Extensions ******
***** Add Diagrams *****
***** Resolving DiagramIDs *****
***** Resolving Association Classes *****
***** Resolving Parameter Types *****
***** Resolving Attribute Types *****
***** Resolving Note links *****
***** Fixup external references *****
Import Complete!
