Exporting package to 'C:\Users\pbaumgar\Docs\models\annotated_models\v2.0\v2.0_pre-roundtrip.xml'
Retrieving data for export: packages
Retrieving data for export: diagram elements
Retrieving data for export: links
Retrieving data for export: constraints
Retrieving data for export: attribute tagged values
Retrieving data for export: operation tagged values
Retrieving data for export: operation parameter tagged values
Retrieving data for export: connector tagged values
Completed data retrieval
Pre-processing export tree...
Completed pre-processing
***** Processing package: Code-Base *****
Element:0: gov
Diagram: WorkflowClassDiragram
***** Processing package: gov *****
Element:1: nih
***** Processing package: nih *****
Element:2: nci
***** Processing package: nci *****
Element:3: cabig
***** Processing package: cabig *****
Element:4: caaers
Element:5: ctms
***** Processing package: caaers *****
Element:6: validation
Element:7: CaaersError
Element:8: accesscontrol
Element:9: security
Element:10: domain
Element:11: dao
Element:12: T1
Element:13: service
Element:14: api
Element:15: tools
Element:16: CaaersSystemException
Element:17: esb
Element:18: CaaersNoSuchUserException
Element:19: workflow
Element:20: utils
Element:21: scheduler
Diagram: caaers
***** Processing package: accesscontrol *****
Element:22: OrganizationSecurityFilterer
Element:23: SiteSecurityAfterInvocationCollectionFilteringProvider
Element:24: ParticipantSiteSecurityFilterer
Element:25: SiteSecurityAfterInvocationBasicAuthorizationCheckProvider
Element:26: BaseSecurityFilterer
Element:27: StudySiteSecurityFilterer
Element:28: DomainObjectSecurityFilterer
Element:29: ExpeditedAdverseEventReportSiteSecurityFilterer
Element:30: SecurityContextCredentialProvider
Element:31: DomainObjectSiteSecurityAuthorizationCheckProvider
Element:32: ResearchStaffSecurityFilterer
Diagram: accesscontrol
***** Processing package: api *****
Element:33: AdeersReportGenerator
Element:34: impl
Element:35: StudyService
Element:36: AdverseEventReportSerializer
Element:37: ResearchStaffMigratorService
Element:38: SearchOptions
Element:39: InvestigatorMigratorService
Element:40: ParticipantService
Element:41: StudyProcessor
Element:42: AdverseEventSerializer
Element:43: AdverseEventQueryService
Element:44: AdverseEventService
Diagram: api
***** Processing package: impl *****
Element:45: ParameterLoader
Element:46: DefaultInvestigatorMigratorService
Element:47: DefaultMigratorService
Element:48: ParticipantServiceImpl
Element:49: DefaultStudyService
Element:50: StudyProcessorImpl
Element:51: DefaultResearchStaffMigratorService
Element:52: AdverseEventQueryServiceImpl
Element:53: DefaultAdverseEventService
Element:54: ParameterLoader
Diagram: impl
***** Processing package: dao *****
Element:55: TreatmentAssignmentDao
Element:56: EpochDao
Element:57: LabTermDao
Element:58: workflow
Element:59: CtepStudyDiseaseDao
Element:60: StudyConditionDao
Element:61: DiseaseTermDao
Element:62: StudySiteDao
Element:63: OrganizationDao
Element:64: ResearchStaffDao
Element:65: InvestigatorDao
Element:66: ParticipantDao
Element:67: MeddraStudyDiseaseDao
Element:68: GridIdentifiableDao
Element:69: PriorTherapyDao
Element:70: CaaersDao
Element:71: AbstractStudyDiseaseDao
Element:72: AdverseEventReportingPeriodDao
Element:73: NotificationDao
Element:74: LabCategoryDao
Element:75: SiteInvestigatorDao
Element:76: InterventionSiteDao
Element:77: MeddraVersionDao
Element:78: CtcDao
Element:79: AgentDao
Element:80: AnatomicSiteDao
Element:81: AdverseEventDao
Element:82: report
Element:83: StudyAgentDao
Element:84: StudyParticipantAssignmentDao
Element:85: CtcCategoryDao
Element:86: ReporterDao
Element:87: MedDRADao
Element:88: query
Element:89: ConditionDao
Element:90: meddra
Element:91: DiseaseCategoryDao
Element:92: security
Element:93: ExpeditedAdverseEventReportDao
Element:94: InvestigationalNewDrugDao
Element:95: LabLoadDao
Element:96: StudyDao
Element:97: UserDao
Element:98: CtcTermDao
Element:99: PreExistingConditionDao
Element:100: ChemoAgentDao
Diagram: dao
***** Processing package: meddra *****
Element:101: LowLevelTermDao
Diagram: meddra
***** Processing package: query *****
Element:102: OrganizationQuery
Element:103: ReportDefinitionExistsQuery
Element:104: StudyQuery
Element:105: StudyHavingStudySiteQuery
Element:106: ParticipantQuery
Element:107: AdverseEventExistQuery
Element:108: ResearchStaffQuery
Element:109: InvestigatorQuery
Element:110: AbstractQuery
Element:111: AdverseEventReportingPeriodForReviewQuery
Element:112: ajax
Diagram: query
***** Processing package: ajax *****
Element:113: StudySearchableAjaxableDomainObjectQuery
Element:114: AbstractAjaxableDomainObjectQuery
Element:115: StudySiteAjaxableDomainObjectQuery
Element:116: ParticipantAjaxableDomainObjectQuery
Diagram: ajax
***** Processing package: report *****
Element:117: ScheduledNotificationDao
Element:118: ReportDeliveryDao
Element:119: ReportDao
Element:120: ReportDeliveryDefinitionDao
Element:121: ReportDefinitionDao
Diagram: report
***** Processing package: security *****
Element:122: passwordpolicy
***** Processing package: passwordpolicy *****
Element:123: PasswordPolicyDao
Diagram: passwordpolicy
***** Processing package: workflow *****
Element:124: WorkflowConfigDao
Diagram: workflow
***** Processing package: domain *****
Element:125: repository
Element:126: RadiationIntervention
Element:127: Condition
Element:128: PriorTherapy
Element:129: UserGroupType
Element:130: PostAdverseEventStatus
Element:131: PersonRole
Element:132: PersonContact
Element:133: INDHolder
Element:134: Participation
Element:135: StudyParticipantDiseaseHistory
Element:136: Location
Element:137: Status
Element:138: StudyTherapyType
Element:139: RoutineAdverseEventReportChild
Element:140: DiseaseCategory
Element:141: LabLoad
Element:142: DiseaseHistory
Element:143: OtherCause
Element:144: expeditedfields
Element:145: Hospitalization
Element:146: IdentifiableByAssignedIdentifers
Element:147: PreExistingCondition
Element:148: AdverseEventMeddraLowLevelTerm
Element:149: LabTerm
Element:150: Outcome
Element:151: DiseaseCodeTerm
Element:152: OrganizationAssignedIdentifier
Element:153: MeddraStudyDisease
Element:154: AbstractExpectedAE
Element:155: CourseDate
Element:156: LoadStatus
Element:157: Submitter
Element:158: CodedGrade
Element:159: Notification
Element:160: ExpectedAEMeddraLowLevelTerm
Element:161: ReportPerson
Element:162: Availability
Element:163: ResearchStaff
Element:164: Arm
Element:165: AbstractExpeditedReportCollectionElementChild
Element:166: Investigator
Element:167: CtcTerm
Element:168: SolicitedAdverseEvent
Element:169: AdditionalInformation
Element:170: InterventionSite
Element:171: StudyFundingSponsor
Element:172: report
Element:173: User
Element:174: MedicalDevice
Element:175: OutcomeType
Element:176: StudyAgentChild
Element:177: LabVersion
Element:178: ConcomitantMedication
Element:179: ChemoAgent
Element:180: ReviewStatus
Element:181: CtcGrade
Element:182: SiteInvestigator
Element:183: Physician
Element:184: Study
Element:185: Grade
Element:186: StudyParticipantConcomitantMedication
Element:187: StudyChildInstantiateFactory
Element:188: StudyParticipantPreExistingCondition
Element:189: StudyParticipantPriorTherapy
Element:190: ExpeditedAdverseEventReport
Element:191: workflow
Element:192: MetastaticDiseaseSite
Element:193: RadiationAdministration
Element:194: ExpectedAECtcTerm
Element:195: FundingSponsor
Element:196: SystemAssignedIdentifier
Element:197: Reporter
Element:198: security
Element:199: AbstractAdverseEventTerm
Element:200: Measure
Element:201: StudyChild
Element:202: StudyParticipantAssignment
Element:203: Lab
Element:204: MeddraVersion
Element:205: Epoch
Element:206: Attribution
Element:207: DeviceOperator
Element:208: StudyParticipantPriorTherapyAgent
Element:209: AbstractStudyDisease
Element:210: RoutineAdverseEventReportChildFactory
Element:211: StudyAgent
Element:212: Organization
Element:213: DiseaseTerm
Element:214: dto
Element:215: AdverseEventResponseDescription
Element:216: StudyOrganizationChildInstantiateFactory
Element:217: StudyCondition
Element:218: AbstractIdentifiableDomainObject
Element:219: DiseaseTerminology
Element:220: Dose
Element:221: AeTerminology
Element:222: ExpeditedAdverseEventReportChildFactory
Element:223: DateValue
Element:224: OrganizationHeldIND
Element:225: Participant
Element:226: AdverseEventCtcTerm
Element:227: StudyAgentChildInstantiateFactory
Element:228: AbstractMutableDeletableDomainObject
Element:229: StudyAgentINDAssociation
Element:230: InvestigatorHeldIND
Element:231: INDType
Element:232: ExpeditedAdverseEventReportChild
Element:233: CtcCategory
Element:234: DelayUnits
Element:235: StudyCoordinatingCenter
Element:236: StudyParticipantMetastaticDiseaseSite
Element:237: ReportFormatType
Element:238: Agent
Element:239: AdverseEventReportingPeriod
Element:240: Address
Element:241: AbstractSponsor
Element:242: ReportStatus
Element:243: AnatomicSite
Element:244: ReportFormat
Element:245: AbstractExpeditedReportSingleChild
Element:246: CtepStudyDisease
Element:247: CoordinatingCenter
Element:248: Design
Element:249: RoutineAdverseEventReport
Element:250: SAEReportPreExistingCondition
Element:251: Ctc
Element:252: StudyOrganizationChild
Element:253: attribution
Element:254: Term
Element:255: StudySite
Element:256: TreatmentInformation
Element:257: TreatmentAssignment
Element:258: SurgeryIntervention
Element:259: factory
Element:260: Identifier
Element:261: meddra
Element:262: TimeValue
Element:263: StudyOrganization
Element:264: ajax
Element:265: InvestigationalNewDrug
Element:266: StudyPersonnel
Element:267: AgentAdjustment
Element:268: AdverseEvent
Element:269: ParticipantHistory
Element:270: LabCategory
Element:271: SAEReportPriorTherapy
Element:272: CourseAgent
Element:273: comparator
Element:274: LabValue
Element:275: Person
Element:276: StudyInvestigator
Element:277: SAEReportPriorTherapyFactory
Element:278: PriorTherapyAgent
Element:279: StudyTherapy
Diagram: domain
***** Processing package: ajax *****
Element:280: StudySearchableAjaxableDomainObject
Element:281: AdverseEventReportingPeriodAjaxableDomainObject
Element:282: AbstractAjaxableDomainObject
Element:283: StudySiteAjaxableDomainObject
Element:284: StudyAjaxableDomainObject
Element:285: AjaxableDomainObject
Element:286: ParticipantAjaxableDomainObject
Diagram: ajax
***** Processing package: attribution *****
Element:287: SurgeryAttribution
Element:288: CourseAgentAttribution
Element:289: OtherCauseAttribution
Element:290: AdverseEventAttribution
Element:291: ConcomitantMedicationAttribution
Element:292: RadiationAttribution
Element:293: DeviceAttribution
Element:294: DiseaseAttribution
Diagram: attribution
***** Processing package: comparator *****
Element:295: AdverseEventComprator
Diagram: comparator
***** Processing package: dto *****
Element:296: ExpeditedAdverseEventReportDTO
Element:297: AdverseEventReportingPeriodDTO
Element:298: RoutingAndReviewSearchResultsDTO
Element:299: RoutingAndReviewSearchResultDTO
Element:300: ReportDTO
Element:301: ReviewCommentsDTO
Diagram: dto
***** Processing package: expeditedfields *****
Element:302: UnsatisfiedProperty
Element:303: SectionNode
Element:304: ListPropertyNode
Element:305: DisplayNameCreator
Element:306: AdverseEventsDisplayNameCreator
Element:307: CodedOrOtherPropertyNode
Element:308: PropertyNode
Element:309: ExpeditedReportSection
Element:310: ExpeditedReportTree
Element:311: DefaultListDisplayNameCreator
Element:312: PropertylessNode
Element:313: StaticDisplayNameCreator
Element:314: NullDisplayNameCreator
Element:315: TreeNode
Element:316: LabsDisplayNameCreator
Diagram: expeditedfields
***** Processing package: factory *****
Element:317: ReportFactory
Element:318: AERoutingAndReviewDTOFactory
Element:319: AENotificationFactory
Diagram: factory
***** Processing package: meddra *****
Element:320: AbstractMeddraDomainObject
Element:321: SystemOrganClass
Element:322: LowLevelTerm
Element:323: PreferredTerm
Element:324: HighLevelTerm
Element:325: HighLevelGroupTerm
Diagram: meddra
***** Processing package: report *****
Element:326: NotificationBodyContent
Element:327: ScheduledNotification
Element:328: ReportMandatoryFieldDefinition
Element:329: RoleBasedRecipient
Element:330: Recipient
Element:331: Report
Element:332: ReportVersion
Element:333: NotificationAttachment
Element:334: ReportContent
Element:335: ScheduledEmailNotification
Element:336: PlannedNotification
Element:337: DeliveryStatus
Element:338: ReportDefinition
Element:339: Mandatory
Element:340: ReportFormat
Element:341: ContactMechanismBasedRecipient
Element:342: ReportDelivery
Element:343: TimeScaleUnit
Element:344: PlannedEmailNotification
Element:345: ReportDeliveryDefinition
Diagram: report
***** Processing package: repository *****
Element:346: ParticipantRepository
Element:347: ReportRepositoryImpl
Element:348: ReportRepository
Element:349: OrganizationRepositoryImpl
Element:350: ajax
Element:351: StudyRepository
Element:352: AdverseEventRoutingAndReviewRepositoryImpl
Element:353: AdverseEventReportingPeriodRepository
Element:354: ResearchStaffRepository
Element:355: CSMUserRepository
Element:356: AdverseEventRoutingAndReviewRepository
Element:357: InvestigatorRepository
Element:358: CSMUserRepositoryImpl
Element:359: InvestigatorRepositoryImpl
Element:360: OrganizationRepository
Element:361: LabLoadRepository
Diagram: repository
***** Processing package: ajax *****
Element:362: StudySiteAjaxableDomainObjectRepository
Element:363: AbstractAjaxableDomainObjectRepository
Element:364: ParticipantAjaxableDomainObjectRepository
Element:365: StudySearchableAjaxableDomainObjectRepository
Diagram: ajax
***** Processing package: security *****
Element:366: user
Element:367: passwordpolicy
***** Processing package: passwordpolicy *****
Element:368: PasswordPolicy
Element:369: LoginPolicy
Element:370: CombinationPolicy
Element:371: PasswordCreationPolicy
Diagram: passwordpolicy
***** Processing package: user *****
Element:372: CaaersUser
Diagram: user
***** Processing package: workflow *****
Element:373: ReportReviewComment
Element:374: RoleTransitionOwner
Element:375: ReviewComment
Element:376: Assignee
Element:377: PersonAssignee
Element:378: RoleAssignee
Element:379: WorkflowConfig
Element:380: ReportingPeriodReviewComment
Element:381: WorkflowAware
Element:382: TransitionOwner
Element:383: PersonTransitionOwner
Element:384: TaskConfig
Element:385: TransitionConfig
Diagram: workflow
***** Processing package: esb *****
Element:386: client
***** Processing package: client *****
Element:387: Validator
Element:388: MessageNotificationService
Element:389: impl
Element:390: MessageBroadcastService
Element:391: ESBMessageConsumer
Element:392: StubWebRequest
Element:393: BroadcastException
Element:394: ESBMessageConsumerImpl
Diagram: client
***** Processing package: impl *****
Element:395: CtmsCaaersMessageConsumer
Element:396: CaaersAdeersMessageBroadcastServiceImpl
Element:397: JmsServiceImpl
Element:398: CaaersCaXchangeMessageBroadcastServiceImpl
Element:399: CaaersConnectionFactory
Diagram: impl
***** Processing package: scheduler *****
Element:400: runtime
***** Processing package: runtime *****
Element:401: job
***** Processing package: job *****
Element:402: ReminderEmailJob
Element:403: ScheduledNotificationJobTemplate
Diagram: job
***** Processing package: security *****
Element:404: SitePrivilegeAndObjectIdGenerator
Element:405: StudyParticipantAssignmentAspect
Element:406: WebSSOUser
Element:407: WebSSOAuthoritiesPopulator
Diagram: security
***** Processing package: service *****
Element:408: AbstractImportServiceImpl
Element:409: ReportSubmissionService
Element:410: migrator
Element:411: SchedulerServiceImpl
Element:412: SchedulerService
Element:413: ReportSubmittability
Element:414: StudyImportServiceImpl
Element:415: EvaluationService
Element:416: FreeMarkerService
Element:417: InteroperationServiceImpl
Element:418: synchronizer
Element:419: Message
Element:420: InteroperationService
Element:421: RoutineAdverseEventReportServiceImpl
Element:422: ParticipantImportServiceImpl
Element:423: Severity
Element:424: workflow
Element:425: security
Element:426: MockInteroperationService
Element:427: Message
Element:428: MockEvaluationService
Element:429: DomainObjectImportOutcome
Diagram: service
***** Processing package: migrator *****
Element:430: ReportDefinitionConverter
Element:431: StudyTherapyMigrator
Element:432: StudyParticipantAssignmentMigrator
Element:433: StudyTerminologyMigrator
Element:434: Migrator
Element:435: StudyMigrator
Element:436: CompositeMigrator
Element:437: IdentifierMigrator
Element:438: StudyAgentMigrator
Element:439: ParticipantMigrator
Element:440: StudyExpectedAEMigrator
Element:441: StudyDiseaseTerminologyMigrator
Element:442: StudyDiseaseMigrator
Element:443: ParticipantConverter
Element:444: TreatmentAssignmentMigrator
Element:445: StudyOrganizationMigrator
Element:446: StudyEvaluationPeriodsMigrator
Element:447: StudyConverter
Diagram: migrator
***** Processing package: security *****
Element:448: PasswordManagerService
Element:449: PasswordManagerServiceImpl
Element:450: passwordpolicy
Element:451: user
Diagram: security
***** Processing package: passwordpolicy *****
Element:452: PasswordPolicyService
Element:453: PasswordPolicyServiceImpl
Element:454: validators
Diagram: passwordpolicy
***** Processing package: validators *****
Element:455: ValidationException
Element:456: PasswordCreationPolicyValidator
Element:457: CombinationValidator
Element:458: LoginPolicyValidator
Element:459: PasswordPolicyValidator
Diagram: validators
***** Processing package: user *****
Element:460: Credential
Diagram: user
***** Processing package: synchronizer *****
Element:461: IdentifierSynchronizer
Element:462: StudyDiseasesSynchronizer
Element:463: StudyTherapySynchronizer
Element:464: ParticipantSynchronizer
Element:465: StudyOrganizationSynchronizer
Element:466: StudyParticipantAssignmentSynchronizer
Element:467: StudyAgentsSynchronizer
Element:468: TreatmentAssignmentSynchronizer
Element:469: StudyEvaluationPeriodsSynchronizer
Element:470: StudySynchronizer
Diagram: synchronizer
***** Processing package: workflow *****
Element:471: WorkflowServiceImpl
Element:472: WorkflowService
Diagram: workflow
***** Processing package: tools *****
Element:473: spring
Element:474: mail
Element:475: JndiDataSourceFactoryBean
Element:476: CodedEnumType
Element:477: CSMPolicyUpdater
Element:478: configuration
Element:479: hibernate
Diagram: tools
***** Processing package: configuration *****
Element:480: Configuration
Diagram: configuration
***** Processing package: hibernate *****
Element:481: ImprovedPostgreSQLDialect
Element:482: WonderfulNamingStrategy
Diagram: hibernate
***** Processing package: mail *****
Element:483: CaaersJavaMailSender
Diagram: mail
***** Processing package: spring *****
Element:484: DeferredLoadingFactoryBean
Diagram: spring
***** Processing package: utils *****
Element:485: XmlValidator
Element:486: CollectionFilterer
Element:487: IndexFixedListHelper
Element:488: DateUtils
Element:489: ProjectedList
Element:490: GridIdentifierCreator
Element:491: CodedEnumUtils
Element:492: CustomLinkedSet
Element:493: SampleMessageProducer
Element:494: XmlMarshaller
Element:495: ConfigProperty
Element:496: XsltTransformer
Element:497: XMLUtil
Element:498: GridIdentifierInterceptor
Element:499: DecoratedList
Element:500: Filterer
Element:501: LocalGridIdentifierCreator
Element:502: XFireSchemaValidationHandler
Element:503: ArrayFilterer
Element:504: CaBigGridIdentifierCreator
Element:505: SampleMessageConsumer
Element:506: IndexFixedList
Element:507: Lov
Diagram: utils
***** Processing package: validation *****
Element:508: CaaersValidationException
Element:509: ValidationError
Element:510: PropertyUtil
Element:511: validator
Element:512: annotation
Element:513: ValidationErrors
Diagram: validation
***** Processing package: annotation *****
Element:514: UniqueObjectInCollection
Element:515: Validatable
Element:516: UniqueNciIdentifierForOrganizationValidator
Element:517: UniqueResearchStaffEmailAddressValidator
Element:518: UniqueIdentifierForStudy
Element:519: UniqueIdentifierForParticipantValidator
Element:520: NumInRange
Element:521: UniqueResearchStaffEmailAddress
Element:522: ValidatorClass
Element:523: Validator
Element:524: UniqueIdentifierForStudyValidator
Element:525: UniqueIdentifierForParticipant
Element:526: UniqueNciIdentifierForOrganization
Element:527: UniqueObjectInCollectionValidator
Diagram: annotation
***** Processing package: validator *****
Element:528: NumInRangeValidator
Element:529: AbstractAnnotationValidator
Element:530: WebControllerValidatorImpl
Element:531: WebControllerValidator
Element:532: DomainObjectValidator
Diagram: validator
***** Processing package: workflow *****
Element:533: PossibleTransitionsResolver
Element:534: callback
Element:535: handler
Diagram: workflow
***** Processing package: callback *****
Element:536: CreateTaskJbpmCallback
Diagram: callback
***** Processing package: handler *****
Element:537: TaskCloseActionHandler
Element:538: NodeSkipActionHandler
Diagram: handler
***** Processing package: ctms *****
Element:539: tools
***** Processing package: tools *****
Element:540: XLstudyImporter
Diagram: tools
Formatting output XML...please wait
XMI Document Export Complete!
